# JRE version: Java(TM) SE Runtime Environment (8.0_112-b15) (build 1.8.0_112-b15)
# Java VM: Java HotSpot(TM) 64-Bit Server VM (25.112-b15 mixed mode windows-amd64 compressed oops)
Heap:
 PSYoungGen      total 143360K, used 15477K [0x000000066ab00000, 0x0000000676480000, 0x00000007c0000000)
  eden space 133120K, 3% used [0x000000066ab00000,0x000000066b023788,0x0000000672d00000)
  from space 10240K, 99% used [0x0000000672d00000,0x00000006736f9db8,0x0000000673700000)
  to   space 15872K, 0% used [0x0000000675500000,0x0000000675500000,0x0000000676480000)
 ParOldGen       total 105472K, used 25075K [0x00000003c0000000, 0x00000003c6700000, 0x000000066ab00000)
  object space 105472K, 23% used [0x00000003c0000000,0x00000003c187cea8,0x00000003c6700000)
 Metaspace       used 32885K, capacity 41560K, committed 41640K, reserved 1079296K
  class space    used 7156K, capacity 11168K, committed 11184K, reserved 1048576K
GC Heap History (10 events):
Event: 3.336 GC heap before
{Heap before GC invocations=7 (full 1):
 PSYoungGen      total 76288K, used 69525K [0x000000066ab00000, 0x0000000671b80000, 0x00000007c0000000)
  eden space 65536K, 100% used [0x000000066ab00000,0x000000066eb00000,0x000000066eb00000)
  from space 10752K, 37% used [0x000000066eb00000,0x000000066eee5798,0x000000066f580000)
  to   space 9728K, 0% used [0x0000000671200000,0x0000000671200000,0x0000000671b80000)
 ParOldGen       total 105472K, used 6246K [0x00000003c0000000, 0x00000003c6700000, 0x000000066ab00000)
  object space 105472K, 5% used [0x00000003c0000000,0x00000003c06199c8,0x00000003c6700000)
 Metaspace       used 23595K, capacity 29328K, committed 29488K, reserved 1071104K
  class space    used 5285K, capacity 7689K, committed 7728K, reserved 1048576K
Event: 3.339 GC heap after
Heap after GC invocations=7 (full 1):
 PSYoungGen      total 102400K, used 5332K [0x000000066ab00000, 0x0000000671a00000, 0x00000007c0000000)
  eden space 94208K, 0% used [0x000000066ab00000,0x000000066ab00000,0x0000000670700000)
  from space 8192K, 65% used [0x0000000671200000,0x0000000671735028,0x0000000671a00000)
  to   space 9728K, 0% used [0x0000000670700000,0x0000000670700000,0x0000000671080000)
 ParOldGen       total 105472K, used 6254K [0x00000003c0000000, 0x00000003c6700000, 0x000000066ab00000)
  object space 105472K, 5% used [0x00000003c0000000,0x00000003c061b9c8,0x00000003c6700000)
 Metaspace       used 23595K, capacity 29328K, committed 29488K, reserved 1071104K
  class space    used 5285K, capacity 7689K, committed 7728K, reserved 1048576K
}
Event: 3.851 GC heap before
{Heap before GC invocations=8 (full 1):
 PSYoungGen      total 102400K, used 99540K [0x000000066ab00000, 0x0000000671a00000, 0x00000007c0000000)
  eden space 94208K, 100% used [0x000000066ab00000,0x0000000670700000,0x0000000670700000)
  from space 8192K, 65% used [0x0000000671200000,0x0000000671735028,0x0000000671a00000)
  to   space 9728K, 0% used [0x0000000670700000,0x0000000670700000,0x0000000671080000)
 ParOldGen       total 105472K, used 6254K [0x00000003c0000000, 0x00000003c6700000, 0x000000066ab00000)
  object space 105472K, 5% used [0x00000003c0000000,0x00000003c061b9c8,0x00000003c6700000)
 Metaspace       used 26167K, capacity 34114K, committed 34224K, reserved 1073152K
  class space    used 6126K, capacity 9878K, committed 9904K, reserved 1048576K
Event: 3.856 GC heap after
Heap after GC invocations=8 (full 1):
 PSYoungGen      total 103936K, used 7370K [0x000000066ab00000, 0x0000000674080000, 0x00000007c0000000)
  eden space 94208K, 0% used [0x000000066ab00000,0x000000066ab00000,0x0000000670700000)
  from space 9728K, 75% used [0x0000000670700000,0x0000000670e32858,0x0000000671080000)
  to   space 9728K, 0% used [0x0000000673700000,0x0000000673700000,0x0000000674080000)
 ParOldGen       total 105472K, used 6262K [0x00000003c0000000, 0x00000003c6700000, 0x000000066ab00000)
  object space 105472K, 5% used [0x00000003c0000000,0x00000003c061d9c8,0x00000003c6700000)
 Metaspace       used 26167K, capacity 34114K, committed 34224K, reserved 1073152K
  class space    used 6126K, capacity 9878K, committed 9904K, reserved 1048576K
}
Event: 4.023 GC heap before
{Heap before GC invocations=9 (full 1):
 PSYoungGen      total 103936K, used 32708K [0x000000066ab00000, 0x0000000674080000, 0x00000007c0000000)
  eden space 94208K, 26% used [0x000000066ab00000,0x000000066c3beb00,0x0000000670700000)
  from space 9728K, 75% used [0x0000000670700000,0x0000000670e32858,0x0000000671080000)
  to   space 9728K, 0% used [0x0000000673700000,0x0000000673700000,0x0000000674080000)
 ParOldGen       total 105472K, used 6262K [0x00000003c0000000, 0x00000003c6700000, 0x000000066ab00000)
  object space 105472K, 5% used [0x00000003c0000000,0x00000003c061d9c8,0x00000003c6700000)
 Metaspace       used 27366K, capacity 35492K, committed 35496K, reserved 1075200K
  class space    used 6353K, capacity 10156K, committed 10160K, reserved 1048576K
Event: 4.027 GC heap after
Heap after GC invocations=9 (full 1):
 PSYoungGen      total 142848K, used 7998K [0x000000066ab00000, 0x0000000674880000, 0x00000007c0000000)
  eden space 133120K, 0% used [0x000000066ab00000,0x000000066ab00000,0x0000000672d00000)
  from space 9728K, 82% used [0x0000000673700000,0x0000000673ecfa78,0x0000000674080000)
  to   space 10240K, 0% used [0x0000000672d00000,0x0000000672d00000,0x0000000673700000)
 ParOldGen       total 105472K, used 6270K [0x00000003c0000000, 0x00000003c6700000, 0x000000066ab00000)
  object space 105472K, 5% used [0x00000003c0000000,0x00000003c061f9c8,0x00000003c6700000)
 Metaspace       used 27366K, capacity 35492K, committed 35496K, reserved 1075200K
  class space    used 6353K, capacity 10156K, committed 10160K, reserved 1048576K
}
Event: 4.027 GC heap before
{Heap before GC invocations=10 (full 2):
 PSYoungGen      total 142848K, used 7998K [0x000000066ab00000, 0x0000000674880000, 0x00000007c0000000)
  eden space 133120K, 0% used [0x000000066ab00000,0x000000066ab00000,0x0000000672d00000)
  from space 9728K, 82% used [0x0000000673700000,0x0000000673ecfa78,0x0000000674080000)
  to   space 10240K, 0% used [0x0000000672d00000,0x0000000672d00000,0x0000000673700000)
 ParOldGen       total 105472K, used 6270K [0x00000003c0000000, 0x00000003c6700000, 0x000000066ab00000)
  object space 105472K, 5% used [0x00000003c0000000,0x00000003c061f9c8,0x00000003c6700000)
 Metaspace       used 27366K, capacity 35492K, committed 35496K, reserved 1075200K
  class space    used 6353K, capacity 10156K, committed 10160K, reserved 1048576K
Event: 4.091 GC heap after
Heap after GC invocations=10 (full 2):
 PSYoungGen      total 142848K, used 0K [0x000000066ab00000, 0x0000000674880000, 0x00000007c0000000)
  eden space 133120K, 0% used [0x000000066ab00000,0x000000066ab00000,0x0000000672d00000)
  from space 9728K, 0% used [0x0000000673700000,0x0000000673700000,0x0000000674080000)
  to   space 10240K, 0% used [0x0000000672d00000,0x0000000672d00000,0x0000000673700000)
 ParOldGen       total 105472K, used 13637K [0x00000003c0000000, 0x00000003c6700000, 0x000000066ab00000)
  object space 105472K, 12% used [0x00000003c0000000,0x00000003c0d51548,0x00000003c6700000)
 Metaspace       used 27359K, capacity 35480K, committed 35496K, reserved 1075200K
  class space    used 6351K, capacity 10152K, committed 10160K, reserved 1048576K
}
Event: 5.416 GC heap before
{Heap before GC invocations=11 (full 2):
 PSYoungGen      total 142848K, used 133120K [0x000000066ab00000, 0x0000000674880000, 0x00000007c0000000)
  eden space 133120K, 100% used [0x000000066ab00000,0x0000000672d00000,0x0000000672d00000)
  from space 9728K, 0% used [0x0000000673700000,0x0000000673700000,0x0000000674080000)
  to   space 10240K, 0% used [0x0000000672d00000,0x0000000672d00000,0x0000000673700000)
 ParOldGen       total 105472K, used 13637K [0x00000003c0000000, 0x00000003c6700000, 0x000000066ab00000)
  object space 105472K, 12% used [0x00000003c0000000,0x00000003c0d51548,0x00000003c6700000)
 Metaspace       used 32885K, capacity 41560K, committed 41640K, reserved 1079296K
  class space    used 7156K, capacity 11168K, committed 11184K, reserved 1048576K
Event: 5.426 GC heap after
Heap after GC invocations=11 (full 2):
 PSYoungGen      total 143360K, used 10215K [0x000000066ab00000, 0x0000000676480000, 0x00000007c0000000)
  eden space 133120K, 0% used [0x000000066ab00000,0x000000066ab00000,0x0000000672d00000)
  from space 10240K, 99% used [0x0000000672d00000,0x00000006736f9db8,0x0000000673700000)
  to   space 15872K, 0% used [0x0000000675500000,0x0000000675500000,0x0000000676480000)
 ParOldGen       total 105472K, used 25075K [0x00000003c0000000, 0x00000003c6700000, 0x000000066ab00000)
  object space 105472K, 23% used [0x00000003c0000000,0x00000003c187cea8,0x00000003c6700000)
 Metaspace       used 32885K, capacity 41560K, committed 41640K, reserved 1079296K
  class space    used 7156K, capacity 11168K, committed 11184K, reserved 1048576K
}

