# JRE version: Java(TM) SE Runtime Environment (8.0_112-b15) (build 1.8.0_112-b15)
# Java VM: Java HotSpot(TM) 64-Bit Server VM (25.112-b15 mixed mode windows-amd64 compressed oops)
Heap:
 PSYoungGen      total 278016K, used 166471K [0x000000076b400000, 0x0000000785c80000, 0x00000007c0000000)
  eden space 253952K, 56% used [0x000000076b400000,0x0000000774047e88,0x000000077ac00000)
  from space 24064K, 94% used [0x000000077ac00000,0x000000077c249e00,0x000000077c380000)
  to   space 27136K, 0% used [0x0000000784200000,0x0000000784200000,0x0000000785c80000)
 ParOldGen       total 203776K, used 32158K [0x00000006c1c00000, 0x00000006ce300000, 0x000000076b400000)
  object space 203776K, 15% used [0x00000006c1c00000,0x00000006c3b67a58,0x00000006ce300000)
 Metaspace       used 39091K, capacity 42067K, committed 42200K, reserved 1083392K
  class space    used 7643K, capacity 8669K, committed 8704K, reserved 1048576K
GC Heap History (10 events):
Event: 2.858 GC heap before
{Heap before GC invocations=5 (full 1):
 PSYoungGen      total 141824K, used 104709K [0x000000076b400000, 0x0000000777500000, 0x00000007c0000000)
  eden space 131072K, 74% used [0x000000076b400000,0x000000077135fec8,0x0000000773400000)
  from space 10752K, 65% used [0x0000000773400000,0x0000000773ae15a8,0x0000000773e80000)
  to   space 10752K, 0% used [0x0000000776a80000,0x0000000776a80000,0x0000000777500000)
 ParOldGen       total 117760K, used 9625K [0x00000006c1c00000, 0x00000006c8f00000, 0x000000076b400000)
  object space 117760K, 8% used [0x00000006c1c00000,0x00000006c25667c8,0x00000006c8f00000)
 Metaspace       used 32592K, capacity 35301K, committed 35416K, reserved 1077248K
  class space    used 6469K, capacity 7476K, committed 7552K, reserved 1048576K
Event: 2.868 GC heap after
Heap after GC invocations=5 (full 1):
 PSYoungGen      total 186880K, used 10745K [0x000000076b400000, 0x0000000777e00000, 0x00000007c0000000)
  eden space 176128K, 0% used [0x000000076b400000,0x000000076b400000,0x0000000776000000)
  from space 10752K, 99% used [0x0000000776a80000,0x00000007774fe560,0x0000000777500000)
  to   space 10752K, 0% used [0x0000000776000000,0x0000000776000000,0x0000000776a80000)
 ParOldGen       total 117760K, used 14633K [0x00000006c1c00000, 0x00000006c8f00000, 0x000000076b400000)
  object space 117760K, 12% used [0x00000006c1c00000,0x00000006c2a4a4c0,0x00000006c8f00000)
 Metaspace       used 32592K, capacity 35301K, committed 35416K, reserved 1077248K
  class space    used 6469K, capacity 7476K, committed 7552K, reserved 1048576K
}
Event: 2.869 GC heap before
{Heap before GC invocations=6 (full 2):
 PSYoungGen      total 186880K, used 10745K [0x000000076b400000, 0x0000000777e00000, 0x00000007c0000000)
  eden space 176128K, 0% used [0x000000076b400000,0x000000076b400000,0x0000000776000000)
  from space 10752K, 99% used [0x0000000776a80000,0x00000007774fe560,0x0000000777500000)
  to   space 10752K, 0% used [0x0000000776000000,0x0000000776000000,0x0000000776a80000)
 ParOldGen       total 117760K, used 14633K [0x00000006c1c00000, 0x00000006c8f00000, 0x000000076b400000)
  object space 117760K, 12% used [0x00000006c1c00000,0x00000006c2a4a4c0,0x00000006c8f00000)
 Metaspace       used 32592K, capacity 35301K, committed 35416K, reserved 1077248K
  class space    used 6469K, capacity 7476K, committed 7552K, reserved 1048576K
Event: 2.916 GC heap after
Heap after GC invocations=6 (full 2):
 PSYoungGen      total 186880K, used 0K [0x000000076b400000, 0x0000000777e00000, 0x00000007c0000000)
  eden space 176128K, 0% used [0x000000076b400000,0x000000076b400000,0x0000000776000000)
  from space 10752K, 0% used [0x0000000776a80000,0x0000000776a80000,0x0000000777500000)
  to   space 10752K, 0% used [0x0000000776000000,0x0000000776000000,0x0000000776a80000)
 ParOldGen       total 203776K, used 23023K [0x00000006c1c00000, 0x00000006ce300000, 0x000000076b400000)
  object space 203776K, 11% used [0x00000006c1c00000,0x00000006c327bec0,0x00000006ce300000)
 Metaspace       used 32592K, capacity 35301K, committed 35416K, reserved 1077248K
  class space    used 6469K, capacity 7476K, committed 7552K, reserved 1048576K
}
Event: 3.267 GC heap before
{Heap before GC invocations=7 (full 2):
 PSYoungGen      total 186880K, used 176128K [0x000000076b400000, 0x0000000777e00000, 0x00000007c0000000)
  eden space 176128K, 100% used [0x000000076b400000,0x0000000776000000,0x0000000776000000)
  from space 10752K, 0% used [0x0000000776a80000,0x0000000776a80000,0x0000000777500000)
  to   space 10752K, 0% used [0x0000000776000000,0x0000000776000000,0x0000000776a80000)
 ParOldGen       total 203776K, used 23023K [0x00000006c1c00000, 0x00000006ce300000, 0x000000076b400000)
  object space 203776K, 11% used [0x00000006c1c00000,0x00000006c327bec0,0x00000006ce300000)
 Metaspace       used 36001K, capacity 38751K, committed 38872K, reserved 1079296K
  class space    used 7129K, capacity 8157K, committed 8192K, reserved 1048576K
Event: 3.287 GC heap after
Heap after GC invocations=7 (full 2):
 PSYoungGen      total 186880K, used 10735K [0x000000076b400000, 0x000000077d980000, 0x00000007c0000000)
  eden space 176128K, 0% used [0x000000076b400000,0x000000076b400000,0x0000000776000000)
  from space 10752K, 99% used [0x0000000776000000,0x0000000776a7bf90,0x0000000776a80000)
  to   space 22528K, 0% used [0x000000077c380000,0x000000077c380000,0x000000077d980000)
 ParOldGen       total 203776K, used 32142K [0x00000006c1c00000, 0x00000006ce300000, 0x000000076b400000)
  object space 203776K, 15% used [0x00000006c1c00000,0x00000006c3b63a58,0x00000006ce300000)
 Metaspace       used 36001K, capacity 38751K, committed 38872K, reserved 1079296K
  class space    used 7129K, capacity 8157K, committed 8192K, reserved 1048576K
}
Event: 3.628 GC heap before
{Heap before GC invocations=8 (full 2):
 PSYoungGen      total 186880K, used 186863K [0x000000076b400000, 0x000000077d980000, 0x00000007c0000000)
  eden space 176128K, 100% used [0x000000076b400000,0x0000000776000000,0x0000000776000000)
  from space 10752K, 99% used [0x0000000776000000,0x0000000776a7bf90,0x0000000776a80000)
  to   space 22528K, 0% used [0x000000077c380000,0x000000077c380000,0x000000077d980000)
 ParOldGen       total 203776K, used 32142K [0x00000006c1c00000, 0x00000006ce300000, 0x000000076b400000)
  object space 203776K, 15% used [0x00000006c1c00000,0x00000006c3b63a58,0x00000006ce300000)
 Metaspace       used 36631K, capacity 39417K, committed 39768K, reserved 1081344K
  class space    used 7205K, capacity 8224K, committed 8320K, reserved 1048576K
Event: 3.642 GC heap after
Heap after GC invocations=8 (full 2):
 PSYoungGen      total 276480K, used 18551K [0x000000076b400000, 0x000000077e300000, 0x00000007c0000000)
  eden space 253952K, 0% used [0x000000076b400000,0x000000076b400000,0x000000077ac00000)
  from space 22528K, 82% used [0x000000077c380000,0x000000077d59de68,0x000000077d980000)
  to   space 24064K, 0% used [0x000000077ac00000,0x000000077ac00000,0x000000077c380000)
 ParOldGen       total 203776K, used 32150K [0x00000006c1c00000, 0x00000006ce300000, 0x000000076b400000)
  object space 203776K, 15% used [0x00000006c1c00000,0x00000006c3b65a58,0x00000006ce300000)
 Metaspace       used 36631K, capacity 39417K, committed 39768K, reserved 1081344K
  class space    used 7205K, capacity 8224K, committed 8320K, reserved 1048576K
}
Event: 4.232 GC heap before
{Heap before GC invocations=9 (full 2):
 PSYoungGen      total 276480K, used 272503K [0x000000076b400000, 0x000000077e300000, 0x00000007c0000000)
  eden space 253952K, 100% used [0x000000076b400000,0x000000077ac00000,0x000000077ac00000)
  from space 22528K, 82% used [0x000000077c380000,0x000000077d59de68,0x000000077d980000)
  to   space 24064K, 0% used [0x000000077ac00000,0x000000077ac00000,0x000000077c380000)
 ParOldGen       total 203776K, used 32150K [0x00000006c1c00000, 0x00000006ce300000, 0x000000076b400000)
  object space 203776K, 15% used [0x00000006c1c00000,0x00000006c3b65a58,0x00000006ce300000)
 Metaspace       used 38487K, capacity 41381K, committed 41688K, reserved 1083392K
  class space    used 7581K, capacity 8598K, committed 8704K, reserved 1048576K
Event: 4.251 GC heap after
Heap after GC invocations=9 (full 2):
 PSYoungGen      total 278016K, used 22823K [0x000000076b400000, 0x0000000785c80000, 0x00000007c0000000)
  eden space 253952K, 0% used [0x000000076b400000,0x000000076b400000,0x000000077ac00000)
  from space 24064K, 94% used [0x000000077ac00000,0x000000077c249e00,0x000000077c380000)
  to   space 27136K, 0% used [0x0000000784200000,0x0000000784200000,0x0000000785c80000)
 ParOldGen       total 203776K, used 32158K [0x00000006c1c00000, 0x00000006ce300000, 0x000000076b400000)
  object space 203776K, 15% used [0x00000006c1c00000,0x00000006c3b67a58,0x00000006ce300000)
 Metaspace       used 38487K, capacity 41381K, committed 41688K, reserved 1083392K
  class space    used 7581K, capacity 8598K, committed 8704K, reserved 1048576K
}

